<?xml version="1.0" encoding="UTF-8"?>
<!-- Generated by org.testng.reporters.JUnitReportReporter -->
<testsuite hostname="LAPTOP-QMEPH0RT" failures="0" tests="1" name="testlayerAccountmodule.AccountModuletestcases" time="10.830" errors="0" timestamp="2022-12-29T18:12:53 EST" skipped="0">
  <testcase classname="testlayerAccountmodule.AccountModuletestcases" name="Mouse_hover" time="10.830"/>
  <system-out/>
</testsuite> <!-- testlayerAccountmodule.AccountModuletestcases -->
