<?xml version="1.0" encoding="UTF-8"?>
<!-- Generated by org.testng.reporters.JUnitReportReporter -->
<testsuite hostname="LAPTOP-QMEPH0RT" failures="0" tests="1" name="testLayerlogin.Logintestcases" time="27.478" errors="0" timestamp="2022-12-24T16:53:27 EST" skipped="0">
  <testcase classname="testLayerlogin.Logintestcases" name="empty_password_field" time="27.478"/>
  <system-out/>
</testsuite> <!-- testLayerlogin.Logintestcases -->
